C51 COMPILER V9.60.7.0   MAIN                                                              05/20/2024 16:27:14 PAGE 1   


C51 COMPILER V9.60.7.0, COMPILATION OF MODULE MAIN
OBJECT MODULE PLACED IN .\Objects\main.obj
COMPILER INVOKED BY: C:\Keil_v5\C51\BIN\C51.EXE main.c OPTIMIZE(8,SPEED) BROWSE DEBUG OBJECTEXTEND PRINT(.\Listings\main
                    -.lst) TABS(2) OBJECT(.\Objects\main.obj)

line level    source

   1          #include <STC15F2K60S2.H>
   2          #include <intrins.h>
   3          
   4          //============================宏定义================================
   5          
   6          #define Y4  0x80
   7          #define Y5  0xa0
   8          #define Y6  0xc0
   9          #define Y7  0xe0
  10          
  11          //===========================全局变量===============================
  12          
  13          
  14          
  15          //===========================比赛文件===============================
  16          
  17          
  18          
  19          //===========================函数定义===============================
  20          
  21          void delay_ms(unsigned int ms)  // 12MHz
  22          {
  23   1        unsigned char data i, j;
  24   1        while(ms--)
  25   1        {
  26   2          i = 12;
  27   2          j = 169;
  28   2          do
  29   2          {
  30   3            while (--j);
  31   3          } while (--i);
  32   2        }
  33   1      }
  34          
  35          void Timer0_Init(void)    //1毫秒@12.000MHz
  36          {
  37   1        AUXR |= 0x80;     //定时器时钟1T模式
  38   1        TMOD &= 0xF0;     //设置定时器模式
  39   1        TL0 = 0x20;       //设置定时初始值
  40   1        TH0 = 0xD1;       //设置定时初始值
  41   1        TF0 = 0;        //清除TF0标志
  42   1        TR0 = 1;        //定时器0开始计时
  43   1        ET0 = 1;        //使能定时器0中断
  44   1      }
  45          
  46          void Timer1_Init(void)    //1毫秒@12.000MHz
  47          {
  48   1        AUXR |= 0x40;     //定时器时钟1T模式
  49   1        TMOD &= 0x0F;     //设置定时器模式
  50   1        TL1 = 0x20;       //设置定时初始值
  51   1        TH1 = 0xD1;       //设置定时初始值
  52   1        TF1 = 0;        //清除TF1标志
  53   1        TR1 = 1;        //定时器1开始计时
  54   1        ET1 = 1;        //使能定时器1中断
C51 COMPILER V9.60.7.0   MAIN                                                              05/20/2024 16:27:14 PAGE 2   

  55   1      }
  56          
  57          //===========================中断服务===============================
  58          
  59          void Timer0_Isr(void) interrupt 1
  60          {
  61   1      }
  62          
  63          void Timer1_Isr(void) interrupt 3
  64          {
  65   1      }
  66          
  67          //============================ MAIN ================================
  68          void main()
  69          {
  70   1        Timer0_Init();
  71   1        Timer1_Init();
  72   1        while(1)
  73   1        {
  74   2          
  75   2        }
  76   1      }


MODULE INFORMATION:   STATIC OVERLAYABLE
   CODE SIZE        =     69    ----
   CONSTANT SIZE    =   ----    ----
   XDATA SIZE       =   ----    ----
   PDATA SIZE       =   ----    ----
   DATA SIZE        =   ----    ----
   IDATA SIZE       =   ----    ----
   BIT SIZE         =   ----    ----
END OF MODULE INFORMATION.


C51 COMPILATION COMPLETE.  0 WARNING(S),  0 ERROR(S)
